  [1m[35m (0.6ms)[0m  [1m[34mSELECT sqlite_version(*)[0m
  ↳ /Users/jennifersingleton/.rvm/gems/ruby-2.6.1/bin/rake:23
  [1m[35m (5.3ms)[0m  [1m[35mCREATE TABLE "schema_migrations" ("version" varchar NOT NULL PRIMARY KEY)[0m
  ↳ /Users/jennifersingleton/.rvm/gems/ruby-2.6.1/bin/rake:23
  [1m[35m (3.5ms)[0m  [1m[35mCREATE TABLE "ar_internal_metadata" ("key" varchar NOT NULL PRIMARY KEY, "value" varchar, "created_at" datetime NOT NULL, "updated_at" datetime NOT NULL)[0m
  ↳ /Users/jennifersingleton/.rvm/gems/ruby-2.6.1/bin/rake:23
  [1m[35m (0.2ms)[0m  [1m[34mSELECT "schema_migrations"."version" FROM "schema_migrations" ORDER BY "schema_migrations"."version" ASC[0m
  ↳ /Users/jennifersingleton/.rvm/gems/ruby-2.6.1/bin/rake:23
Migrating to CreateUser (20200126175217)
  [1m[35m (0.1ms)[0m  [1m[36mbegin transaction[0m
  ↳ /Users/jennifersingleton/.rvm/gems/ruby-2.6.1/bin/rake:23
  [1m[35m (0.8ms)[0m  [1m[35mCREATE TABLE "users" ("id" integer PRIMARY KEY AUTOINCREMENT NOT NULL, "name" varchar, "password_digest" varchar)[0m
  ↳ db/migrate/20200126175217_create_user.rb:3
  [1m[36mActiveRecord::SchemaMigration Create (0.3ms)[0m  [1m[32mINSERT INTO "schema_migrations" ("version") VALUES (?)[0m  [["version", "20200126175217"]]
  ↳ /Users/jennifersingleton/.rvm/gems/ruby-2.6.1/bin/rake:23
  [1m[35m (1.2ms)[0m  [1m[36mcommit transaction[0m
  ↳ /Users/jennifersingleton/.rvm/gems/ruby-2.6.1/bin/rake:23
  [1m[36mActiveRecord::InternalMetadata Load (0.2ms)[0m  [1m[34mSELECT  "ar_internal_metadata".* FROM "ar_internal_metadata" WHERE "ar_internal_metadata"."key" = ? LIMIT ?[0m  [["key", "environment"], ["LIMIT", 1]]
  ↳ /Users/jennifersingleton/.rvm/gems/ruby-2.6.1/bin/rake:23
  [1m[35m (0.0ms)[0m  [1m[36mbegin transaction[0m
  ↳ /Users/jennifersingleton/.rvm/gems/ruby-2.6.1/bin/rake:23
  [1m[36mActiveRecord::InternalMetadata Create (0.4ms)[0m  [1m[32mINSERT INTO "ar_internal_metadata" ("key", "value", "created_at", "updated_at") VALUES (?, ?, ?, ?)[0m  [["key", "environment"], ["value", "development"], ["created_at", "2020-01-26 17:53:15.215622"], ["updated_at", "2020-01-26 17:53:15.215622"]]
  ↳ /Users/jennifersingleton/.rvm/gems/ruby-2.6.1/bin/rake:23
  [1m[35m (1.2ms)[0m  [1m[36mcommit transaction[0m
  ↳ /Users/jennifersingleton/.rvm/gems/ruby-2.6.1/bin/rake:23
  [1m[35m (0.1ms)[0m  [1m[34mSELECT "schema_migrations"."version" FROM "schema_migrations" ORDER BY "schema_migrations"."version" ASC[0m
  ↳ /Users/jennifersingleton/.rvm/gems/ruby-2.6.1/bin/rake:23
  [1m[35m (0.9ms)[0m  [1m[34mSELECT "schema_migrations"."version" FROM "schema_migrations" ORDER BY "schema_migrations"."version" ASC[0m
  ↳ /Users/jennifersingleton/.rvm/gems/ruby-2.6.1/bin/rake:23
Migrating to CreateHabit (20200126175426)
  [1m[35m (0.1ms)[0m  [1m[36mbegin transaction[0m
  ↳ /Users/jennifersingleton/.rvm/gems/ruby-2.6.1/bin/rake:23
  [1m[35m (0.1ms)[0m  [1m[34mSELECT sqlite_version(*)[0m
  ↳ db/migrate/20200126175426_create_habit.rb:3
  [1m[35m (0.7ms)[0m  [1m[35mCREATE TABLE "habits" ("id" integer PRIMARY KEY AUTOINCREMENT NOT NULL, "name" varchar)[0m
  ↳ db/migrate/20200126175426_create_habit.rb:3
  [1m[36mActiveRecord::SchemaMigration Create (0.7ms)[0m  [1m[32mINSERT INTO "schema_migrations" ("version") VALUES (?)[0m  [["version", "20200126175426"]]
  ↳ /Users/jennifersingleton/.rvm/gems/ruby-2.6.1/bin/rake:23
  [1m[35m (1.4ms)[0m  [1m[36mcommit transaction[0m
  ↳ /Users/jennifersingleton/.rvm/gems/ruby-2.6.1/bin/rake:23
Migrating to CreateUserHabits (20200126175632)
  [1m[35m (0.1ms)[0m  [1m[36mbegin transaction[0m
  ↳ /Users/jennifersingleton/.rvm/gems/ruby-2.6.1/bin/rake:23
  [1m[35m (0.5ms)[0m  [1m[35mCREATE TABLE "user_habits" ("id" integer PRIMARY KEY AUTOINCREMENT NOT NULL, "user_id" integer, "habit_id" integer, "frequency" varchar, "status" boolean, "notes" text)[0m
  ↳ db/migrate/20200126175632_create_user_habits.rb:3
  [1m[36mActiveRecord::SchemaMigration Create (0.2ms)[0m  [1m[32mINSERT INTO "schema_migrations" ("version") VALUES (?)[0m  [["version", "20200126175632"]]
  ↳ /Users/jennifersingleton/.rvm/gems/ruby-2.6.1/bin/rake:23
  [1m[35m (1.1ms)[0m  [1m[36mcommit transaction[0m
  ↳ /Users/jennifersingleton/.rvm/gems/ruby-2.6.1/bin/rake:23
  [1m[36mActiveRecord::InternalMetadata Load (1.1ms)[0m  [1m[34mSELECT  "ar_internal_metadata".* FROM "ar_internal_metadata" WHERE "ar_internal_metadata"."key" = ? LIMIT ?[0m  [["key", "environment"], ["LIMIT", 1]]
  ↳ /Users/jennifersingleton/.rvm/gems/ruby-2.6.1/bin/rake:23
  [1m[35m (0.1ms)[0m  [1m[36mbegin transaction[0m
  ↳ /Users/jennifersingleton/.rvm/gems/ruby-2.6.1/bin/rake:23
  [1m[35m (0.1ms)[0m  [1m[36mcommit transaction[0m
  ↳ /Users/jennifersingleton/.rvm/gems/ruby-2.6.1/bin/rake:23
  [1m[35m (0.2ms)[0m  [1m[34mSELECT "schema_migrations"."version" FROM "schema_migrations" ORDER BY "schema_migrations"."version" ASC[0m
  ↳ /Users/jennifersingleton/.rvm/gems/ruby-2.6.1/bin/rake:23
  [1m[35m (0.1ms)[0m  [1m[36mbegin transaction[0m
  [1m[36mUser Create (1.6ms)[0m  [1m[32mINSERT INTO "users" ("name") VALUES (?)[0m  [["name", "jeilani"]]
  [1m[35m (1.5ms)[0m  [1m[36mcommit transaction[0m
  [1m[35m (0.1ms)[0m  [1m[36mbegin transaction[0m
  [1m[36mHabit Create (0.9ms)[0m  [1m[32mINSERT INTO "habits" ("name") VALUES (?)[0m  [["name", "coding"]]
  [1m[35m (1.5ms)[0m  [1m[36mcommit transaction[0m
  [1m[35m (0.1ms)[0m  [1m[36mbegin transaction[0m
  [1m[36mUser Load (0.2ms)[0m  [1m[34mSELECT  "users".* FROM "users" WHERE "users"."id" = ? LIMIT ?[0m  [["id", 1], ["LIMIT", 1]]
  [1m[36mHabit Load (0.2ms)[0m  [1m[34mSELECT  "habits".* FROM "habits" WHERE "habits"."id" = ? LIMIT ?[0m  [["id", 1], ["LIMIT", 1]]
  [1m[36mUserHabits Create (0.9ms)[0m  [1m[32mINSERT INTO "user_habits" ("user_id", "habit_id") VALUES (?, ?)[0m  [["user_id", 1], ["habit_id", 1]]
  [1m[35m (1.3ms)[0m  [1m[36mcommit transaction[0m
  [1m[35m (0.1ms)[0m  [1m[36mbegin transaction[0m
  [1m[36mUser Create (0.6ms)[0m  [1m[32mINSERT INTO "users" ("name") VALUES (?)[0m  [["name", "jeilani"]]
  [1m[35m (3.1ms)[0m  [1m[36mcommit transaction[0m
  [1m[36mHabit Load (0.7ms)[0m  [1m[34mSELECT  "habits".* FROM "habits" LIMIT ?[0m  [["LIMIT", 11]]
  [1m[35m (0.1ms)[0m  [1m[36mbegin transaction[0m
  [1m[36mUser Load (0.3ms)[0m  [1m[34mSELECT  "users".* FROM "users" WHERE "users"."id" = ? LIMIT ?[0m  [["id", 2], ["LIMIT", 1]]
  [1m[36mHabit Load (0.1ms)[0m  [1m[34mSELECT  "habits".* FROM "habits" WHERE "habits"."id" = ? LIMIT ?[0m  [["id", 1], ["LIMIT", 1]]
  [1m[36mUserHabit Create (0.6ms)[0m  [1m[32mINSERT INTO "user_habits" ("user_id", "habit_id") VALUES (?, ?)[0m  [["user_id", 2], ["habit_id", 1]]
  [1m[35m (1.3ms)[0m  [1m[36mcommit transaction[0m
  [1m[36mUserHabit Load (0.4ms)[0m  [1m[34mSELECT  "user_habits".* FROM "user_habits" LIMIT ?[0m  [["LIMIT", 11]]
  [1m[36mHabit Load (0.3ms)[0m  [1m[34mSELECT  "habits".* FROM "habits" INNER JOIN "user_habits" ON "habits"."id" = "user_habits"."habit_id" WHERE "user_habits"."user_id" = ? LIMIT ?[0m  [["user_id", 2], ["LIMIT", 11]]
  [1m[36mHabit Load (0.3ms)[0m  [1m[34mSELECT  "habits".* FROM "habits" ORDER BY "habits"."id" DESC LIMIT ?[0m  [["LIMIT", 1]]
  [1m[36mUser Load (0.4ms)[0m  [1m[34mSELECT  "users".* FROM "users" INNER JOIN "user_habits" ON "users"."id" = "user_habits"."user_id" WHERE "user_habits"."habit_id" = ? LIMIT ?[0m  [["habit_id", 1], ["LIMIT", 11]]
